2025-02-25 10:39:47 - Starting EmployeePayrollAppApplication using Java 19.0.2 with PID 6380 (C:\Users\hnypa\OneDrive\Desktop\CodeXperience\SpringBoot\Employee-Payroll-App\employee-payroll-app\target\classes started by hnypa in C:\Users\hnypa\OneDrive\Desktop\CodeXperience\SpringBoot\Employee-Payroll-App\employee-payroll-app)
2025-02-25 10:39:47 - Running with Spring Boot v3.4.3, Spring v6.2.3
2025-02-25 10:39:47 - No active profile set, falling back to 1 default profile: "default"
2025-02-25 10:39:47 - Devtools property defaults active! Set 'spring.devtools.add-properties' to 'false' to disable
2025-02-25 10:39:47 - For additional web related logging consider setting the 'logging.level.web' property to 'DEBUG'
2025-02-25 10:39:48 - Bootstrapping Spring Data JPA repositories in DEFAULT mode.
2025-02-25 10:39:48 - Finished Spring Data repository scanning in 35 ms. Found 0 JPA repository interfaces.
2025-02-25 10:39:50 - Tomcat initialized with port 8080 (http)
2025-02-25 10:39:51 - Starting service [Tomcat]
2025-02-25 10:39:51 - Starting Servlet engine: [Apache Tomcat/10.1.36]
2025-02-25 10:39:51 - Initializing Spring embedded WebApplicationContext
2025-02-25 10:39:51 - Root WebApplicationContext: initialization completed in 3750 ms
2025-02-25 10:39:51 - HHH000204: Processing PersistenceUnitInfo [name: default]
2025-02-25 10:39:51 - HHH000412: Hibernate ORM core version 6.6.8.Final
2025-02-25 10:39:51 - HHH000026: Second-level cache disabled
2025-02-25 10:39:52 - No LoadTimeWeaver setup: ignoring JPA class transformer
2025-02-25 10:39:52 - HikariPool-1 - Starting...
2025-02-25 10:39:53 - HikariPool-1 - Added connection com.mysql.cj.jdbc.ConnectionImpl@145d76f2
2025-02-25 10:39:53 - HikariPool-1 - Start completed.
2025-02-25 10:39:53 - HHH90000025: MySQLDialect does not need to be specified explicitly using 'hibernate.dialect' (remove the property setting and it will be selected by default)
2025-02-25 10:39:53 - HHH10001005: Database info:
	Database JDBC URL [Connecting through datasource 'HikariDataSource (HikariPool-1)']
	Database driver: undefined/unknown
	Database version: 9.2
	Autocommit mode: undefined/unknown
	Isolation level: undefined/unknown
	Minimum pool size: undefined/unknown
	Maximum pool size: undefined/unknown
2025-02-25 10:39:55 - HHH000489: No JTA platform available (set 'hibernate.transaction.jta.platform' to enable JTA platform integration)
2025-02-25 10:39:55 - Initialized JPA EntityManagerFactory for persistence unit 'default'
2025-02-25 10:39:55 - spring.jpa.open-in-view is enabled by default. Therefore, database queries may be performed during view rendering. Explicitly configure spring.jpa.open-in-view to disable this warning
2025-02-25 10:39:56 - LiveReload server is running on port 35729
2025-02-25 10:39:56 - Tomcat started on port 8080 (http) with context path '/'
2025-02-25 10:39:56 - Started EmployeePayrollAppApplication in 10.897 seconds (process running for 12.042)
2025-02-25 10:41:49 - Initializing Spring DispatcherServlet 'dispatcherServlet'
2025-02-25 10:41:49 - Initializing Servlet 'dispatcherServlet'
2025-02-25 10:41:49 - Completed initialization in 2 ms
2025-02-25 10:41:49 - Retrieving all employees
2025-02-25 10:41:55 - Retrieved employee with ID 9: null
2025-02-25 10:42:03 - Resolved [org.springframework.web.method.annotation.MethodArgumentTypeMismatchException: Method parameter 'id': Failed to convert value of type 'java.lang.String' to required type 'java.lang.Long'; For input string: "j"]
2025-02-25 10:42:08 - Created employee: com.bridgelabz.employee_payroll_app.model.Employee@3fbf2ef
2025-02-25 10:42:19 - Retrieving all employees
2025-02-25 10:42:22 - Commencing graceful shutdown. Waiting for active requests to complete
2025-02-25 10:42:23 - Graceful shutdown complete
2025-02-25 10:42:23 - Closing JPA EntityManagerFactory for persistence unit 'default'
2025-02-25 10:42:23 - HikariPool-1 - Shutdown initiated...
2025-02-25 10:42:23 - HikariPool-1 - Shutdown completed.
2025-02-25 10:47:57 - Starting EmployeePayrollAppApplication using Java 19.0.2 with PID 21924 (C:\Users\hnypa\OneDrive\Desktop\CodeXperience\SpringBoot\Employee-Payroll-App\employee-payroll-app\target\classes started by hnypa in C:\Users\hnypa\OneDrive\Desktop\CodeXperience\SpringBoot\Employee-Payroll-App\employee-payroll-app)
2025-02-25 10:47:57 - Running with Spring Boot v3.4.3, Spring v6.2.3
2025-02-25 10:47:57 - The following 1 profile is active: "dev"
2025-02-25 10:47:57 - Devtools property defaults active! Set 'spring.devtools.add-properties' to 'false' to disable
2025-02-25 10:47:57 - For additional web related logging consider setting the 'logging.level.web' property to 'DEBUG'
2025-02-25 10:47:58 - Bootstrapping Spring Data JPA repositories in DEFAULT mode.
2025-02-25 10:47:58 - Finished Spring Data repository scanning in 26 ms. Found 0 JPA repository interfaces.
2025-02-25 10:47:59 - Tomcat initialized with port 8080 (http)
2025-02-25 10:47:59 - Starting service [Tomcat]
2025-02-25 10:47:59 - Starting Servlet engine: [Apache Tomcat/10.1.36]
2025-02-25 10:47:59 - Initializing Spring embedded WebApplicationContext
2025-02-25 10:47:59 - Root WebApplicationContext: initialization completed in 2424 ms
2025-02-25 10:48:00 - HHH000204: Processing PersistenceUnitInfo [name: default]
2025-02-25 10:48:00 - HHH000412: Hibernate ORM core version 6.6.8.Final
2025-02-25 10:48:00 - HHH000026: Second-level cache disabled
2025-02-25 10:48:01 - No LoadTimeWeaver setup: ignoring JPA class transformer
2025-02-25 10:48:01 - HikariPool-1 - Starting...
2025-02-25 10:48:01 - HikariPool-1 - Added connection com.mysql.cj.jdbc.ConnectionImpl@3544ec01
2025-02-25 10:48:01 - HikariPool-1 - Start completed.
2025-02-25 10:48:01 - HHH90000025: MySQLDialect does not need to be specified explicitly using 'hibernate.dialect' (remove the property setting and it will be selected by default)
2025-02-25 10:48:01 - HHH10001005: Database info:
	Database JDBC URL [Connecting through datasource 'HikariDataSource (HikariPool-1)']
	Database driver: undefined/unknown
	Database version: 9.2
	Autocommit mode: undefined/unknown
	Isolation level: undefined/unknown
	Minimum pool size: undefined/unknown
	Maximum pool size: undefined/unknown
2025-02-25 10:48:02 - HHH000489: No JTA platform available (set 'hibernate.transaction.jta.platform' to enable JTA platform integration)
2025-02-25 10:48:03 - Initialized JPA EntityManagerFactory for persistence unit 'default'
2025-02-25 10:48:03 - spring.jpa.open-in-view is enabled by default. Therefore, database queries may be performed during view rendering. Explicitly configure spring.jpa.open-in-view to disable this warning
2025-02-25 10:48:03 - LiveReload server is running on port 35729
2025-02-25 10:48:03 - Tomcat started on port 8080 (http) with context path '/'
2025-02-25 10:48:03 - Started EmployeePayrollAppApplication in 7.237 seconds (process running for 8.084)
2025-02-25 10:48:15 - Commencing graceful shutdown. Waiting for active requests to complete
2025-02-25 10:48:15 - Graceful shutdown complete
2025-02-25 10:48:15 - Closing JPA EntityManagerFactory for persistence unit 'default'
2025-02-25 10:48:15 - HikariPool-1 - Shutdown initiated...
2025-02-25 10:48:15 - HikariPool-1 - Shutdown completed.
2025-02-25 10:55:05 - Starting EmployeePayrollAppApplication using Java 19.0.2 with PID 3548 (C:\Users\hnypa\OneDrive\Desktop\CodeXperience\SpringBoot\Employee-Payroll-App\employee-payroll-app\target\classes started by hnypa in C:\Users\hnypa\OneDrive\Desktop\CodeXperience\SpringBoot\Employee-Payroll-App\employee-payroll-app)
2025-02-25 10:55:05 - Running with Spring Boot v3.4.3, Spring v6.2.3
2025-02-25 10:55:05 - The following 1 profile is active: "dev"
2025-02-25 10:55:05 - Devtools property defaults active! Set 'spring.devtools.add-properties' to 'false' to disable
2025-02-25 10:55:05 - For additional web related logging consider setting the 'logging.level.web' property to 'DEBUG'
2025-02-25 10:55:07 - Bootstrapping Spring Data JPA repositories in DEFAULT mode.
2025-02-25 10:55:07 - Finished Spring Data repository scanning in 48 ms. Found 0 JPA repository interfaces.
2025-02-25 10:55:08 - Tomcat initialized with port 8080 (http)
2025-02-25 10:55:08 - Starting service [Tomcat]
2025-02-25 10:55:08 - Starting Servlet engine: [Apache Tomcat/10.1.36]
2025-02-25 10:55:08 - Initializing Spring embedded WebApplicationContext
2025-02-25 10:55:08 - Root WebApplicationContext: initialization completed in 2913 ms
2025-02-25 10:55:09 - HHH000204: Processing PersistenceUnitInfo [name: default]
2025-02-25 10:55:09 - HHH000412: Hibernate ORM core version 6.6.8.Final
2025-02-25 10:55:09 - HHH000026: Second-level cache disabled
2025-02-25 10:55:10 - No LoadTimeWeaver setup: ignoring JPA class transformer
2025-02-25 10:55:10 - HikariPool-1 - Starting...
2025-02-25 10:55:10 - HikariPool-1 - Added connection com.mysql.cj.jdbc.ConnectionImpl@4cd03172
2025-02-25 10:55:10 - HikariPool-1 - Start completed.
2025-02-25 10:55:10 - HHH90000025: MySQLDialect does not need to be specified explicitly using 'hibernate.dialect' (remove the property setting and it will be selected by default)
2025-02-25 10:55:10 - HHH10001005: Database info:
	Database JDBC URL [Connecting through datasource 'HikariDataSource (HikariPool-1)']
	Database driver: undefined/unknown
	Database version: 9.2
	Autocommit mode: undefined/unknown
	Isolation level: undefined/unknown
	Minimum pool size: undefined/unknown
	Maximum pool size: undefined/unknown
2025-02-25 10:55:12 - HHH000489: No JTA platform available (set 'hibernate.transaction.jta.platform' to enable JTA platform integration)
2025-02-25 10:55:12 - Initialized JPA EntityManagerFactory for persistence unit 'default'
2025-02-25 10:55:12 - spring.jpa.open-in-view is enabled by default. Therefore, database queries may be performed during view rendering. Explicitly configure spring.jpa.open-in-view to disable this warning
2025-02-25 10:55:13 - LiveReload server is running on port 35729
2025-02-25 10:55:13 - Tomcat started on port 8080 (http) with context path '/'
2025-02-25 10:55:13 - Started EmployeePayrollAppApplication in 8.21 seconds (process running for 9.065)
2025-02-25 10:55:41 - Commencing graceful shutdown. Waiting for active requests to complete
2025-02-25 10:55:41 - Graceful shutdown complete
2025-02-25 10:55:41 - Closing JPA EntityManagerFactory for persistence unit 'default'
2025-02-25 10:55:41 - HikariPool-1 - Shutdown initiated...
2025-02-25 10:55:41 - HikariPool-1 - Shutdown completed.
2025-02-25 10:56:03 - Starting EmployeePayrollAppApplication using Java 19.0.2 with PID 21612 (C:\Users\hnypa\OneDrive\Desktop\CodeXperience\SpringBoot\Employee-Payroll-App\employee-payroll-app\target\classes started by hnypa in C:\Users\hnypa\OneDrive\Desktop\CodeXperience\SpringBoot\Employee-Payroll-App\employee-payroll-app)
2025-02-25 10:56:03 - Running with Spring Boot v3.4.3, Spring v6.2.3
2025-02-25 10:56:03 - The following 1 profile is active: "dev"
2025-02-25 10:56:03 - Devtools property defaults active! Set 'spring.devtools.add-properties' to 'false' to disable
2025-02-25 10:56:03 - For additional web related logging consider setting the 'logging.level.web' property to 'DEBUG'
2025-02-25 10:56:04 - Bootstrapping Spring Data JPA repositories in DEFAULT mode.
2025-02-25 10:56:04 - Finished Spring Data repository scanning in 24 ms. Found 0 JPA repository interfaces.
2025-02-25 10:56:05 - Tomcat initialized with port 8080 (http)
2025-02-25 10:56:05 - Starting service [Tomcat]
2025-02-25 10:56:05 - Starting Servlet engine: [Apache Tomcat/10.1.36]
2025-02-25 10:56:05 - Initializing Spring embedded WebApplicationContext
2025-02-25 10:56:05 - Root WebApplicationContext: initialization completed in 2219 ms
2025-02-25 10:56:06 - HHH000204: Processing PersistenceUnitInfo [name: default]
2025-02-25 10:56:06 - HHH000412: Hibernate ORM core version 6.6.8.Final
2025-02-25 10:56:06 - HHH000026: Second-level cache disabled
2025-02-25 10:56:06 - No LoadTimeWeaver setup: ignoring JPA class transformer
2025-02-25 10:56:06 - HikariPool-1 - Starting...
2025-02-25 10:56:07 - HikariPool-1 - Added connection com.mysql.cj.jdbc.ConnectionImpl@73df3ced
2025-02-25 10:56:07 - HikariPool-1 - Start completed.
2025-02-25 10:56:07 - HHH90000025: MySQLDialect does not need to be specified explicitly using 'hibernate.dialect' (remove the property setting and it will be selected by default)
2025-02-25 10:56:07 - HHH10001005: Database info:
	Database JDBC URL [Connecting through datasource 'HikariDataSource (HikariPool-1)']
	Database driver: undefined/unknown
	Database version: 9.2
	Autocommit mode: undefined/unknown
	Isolation level: undefined/unknown
	Minimum pool size: undefined/unknown
	Maximum pool size: undefined/unknown
2025-02-25 10:56:08 - HHH000489: No JTA platform available (set 'hibernate.transaction.jta.platform' to enable JTA platform integration)
2025-02-25 10:56:08 - Initialized JPA EntityManagerFactory for persistence unit 'default'
2025-02-25 10:56:08 - spring.jpa.open-in-view is enabled by default. Therefore, database queries may be performed during view rendering. Explicitly configure spring.jpa.open-in-view to disable this warning
2025-02-25 10:56:09 - LiveReload server is running on port 35729
2025-02-25 10:56:09 - Tomcat started on port 8080 (http) with context path '/'
2025-02-25 10:56:09 - Started EmployeePayrollAppApplication in 6.852 seconds (process running for 7.739)
2025-02-25 10:56:21 - Initializing Spring DispatcherServlet 'dispatcherServlet'
2025-02-25 10:56:21 - Initializing Servlet 'dispatcherServlet'
2025-02-25 10:56:21 - Completed initialization in 1 ms
2025-02-25 10:56:21 - Created employee: com.bridgelabz.employee_payroll_app.model.Employee@11c801a2
2025-02-25 10:56:24 - Created employee: com.bridgelabz.employee_payroll_app.model.Employee@76e75fd7
2025-02-25 10:56:28 - Deleted employee with ID: 1
2025-02-25 10:56:33 - Commencing graceful shutdown. Waiting for active requests to complete
2025-02-25 10:56:33 - Graceful shutdown complete
2025-02-25 10:56:33 - Closing JPA EntityManagerFactory for persistence unit 'default'
2025-02-25 10:56:33 - HikariPool-1 - Shutdown initiated...
2025-02-25 10:56:33 - HikariPool-1 - Shutdown completed.
2025-02-25 11:14:49 - Starting EmployeePayrollAppApplication using Java 19.0.2 with PID 13008 (C:\Users\hnypa\OneDrive\Desktop\CodeXperience\SpringBoot\Employee-Payroll-App\employee-payroll-app\target\classes started by hnypa in C:\Users\hnypa\OneDrive\Desktop\CodeXperience\SpringBoot\Employee-Payroll-App\employee-payroll-app)
2025-02-25 11:14:49 - Running with Spring Boot v3.4.3, Spring v6.2.3
2025-02-25 11:14:49 - The following 1 profile is active: "dev"
2025-02-25 11:14:49 - Devtools property defaults active! Set 'spring.devtools.add-properties' to 'false' to disable
2025-02-25 11:14:49 - For additional web related logging consider setting the 'logging.level.web' property to 'DEBUG'
2025-02-25 11:14:51 - Bootstrapping Spring Data JPA repositories in DEFAULT mode.
2025-02-25 11:14:51 - Finished Spring Data repository scanning in 35 ms. Found 0 JPA repository interfaces.
2025-02-25 11:14:52 - Tomcat initialized with port 8080 (http)
2025-02-25 11:14:52 - Starting service [Tomcat]
2025-02-25 11:14:52 - Starting Servlet engine: [Apache Tomcat/10.1.36]
2025-02-25 11:14:53 - Initializing Spring embedded WebApplicationContext
2025-02-25 11:14:53 - Root WebApplicationContext: initialization completed in 3624 ms
2025-02-25 11:14:53 - HHH000204: Processing PersistenceUnitInfo [name: default]
2025-02-25 11:14:53 - HHH000412: Hibernate ORM core version 6.6.8.Final
2025-02-25 11:14:53 - HHH000026: Second-level cache disabled
2025-02-25 11:14:54 - No LoadTimeWeaver setup: ignoring JPA class transformer
2025-02-25 11:14:54 - HikariPool-1 - Starting...
2025-02-25 11:14:55 - HikariPool-1 - Added connection com.mysql.cj.jdbc.ConnectionImpl@73df3ced
2025-02-25 11:14:55 - HikariPool-1 - Start completed.
2025-02-25 11:14:55 - HHH90000025: MySQLDialect does not need to be specified explicitly using 'hibernate.dialect' (remove the property setting and it will be selected by default)
2025-02-25 11:14:55 - HHH10001005: Database info:
	Database JDBC URL [Connecting through datasource 'HikariDataSource (HikariPool-1)']
	Database driver: undefined/unknown
	Database version: 9.2
	Autocommit mode: undefined/unknown
	Isolation level: undefined/unknown
	Minimum pool size: undefined/unknown
	Maximum pool size: undefined/unknown
2025-02-25 11:14:57 - HHH000489: No JTA platform available (set 'hibernate.transaction.jta.platform' to enable JTA platform integration)
2025-02-25 11:14:57 - Initialized JPA EntityManagerFactory for persistence unit 'default'
2025-02-25 11:14:57 - spring.jpa.open-in-view is enabled by default. Therefore, database queries may be performed during view rendering. Explicitly configure spring.jpa.open-in-view to disable this warning
2025-02-25 11:14:58 - LiveReload server is running on port 35729
2025-02-25 11:14:58 - Tomcat started on port 8080 (http) with context path '/'
2025-02-25 11:14:58 - Started EmployeePayrollAppApplication in 10.534 seconds (process running for 11.756)
2025-02-25 11:16:06 - Initializing Spring DispatcherServlet 'dispatcherServlet'
2025-02-25 11:16:06 - Initializing Servlet 'dispatcherServlet'
2025-02-25 11:16:06 - Completed initialization in 2 ms
2025-02-25 11:16:06 - Resolved [org.springframework.web.bind.MethodArgumentNotValidException: Validation failed for argument [0] in public com.bridgelabz.employee_payroll_app.model.Employee com.bridgelabz.employee_payroll_app.controller.EmployeeRestController.createEmployee(com.bridgelabz.employee_payroll_app.dto.EmployeeDTO): [Field error in object 'employeeDTO' on field 'name': rejected value [johnDoe]; codes [Pattern.employeeDTO.name,Pattern.name,Pattern.java.lang.String,Pattern]; arguments [org.springframework.context.support.DefaultMessageSourceResolvable: codes [employeeDTO.name,name]; arguments []; default message [name],[Ljakarta.validation.constraints.Pattern$Flag;@5c689e11,^[A-Z][a-z]*$]; default message [Name must start with a capital letter and contain only alphabets.]] ]
2025-02-25 11:16:06 - Resolved [org.springframework.web.bind.MethodArgumentNotValidException: Validation failed for argument [0] in public com.bridgelabz.employee_payroll_app.model.Employee com.bridgelabz.employee_payroll_app.controller.EmployeeRestController.createEmployee(com.bridgelabz.employee_payroll_app.dto.EmployeeDTO): [Field error in object 'employeeDTO' on field 'name': rejected value [John123]; codes [Pattern.employeeDTO.name,Pattern.name,Pattern.java.lang.String,Pattern]; arguments [org.springframework.context.support.DefaultMessageSourceResolvable: codes [employeeDTO.name,name]; arguments []; default message [name],[Ljakarta.validation.constraints.Pattern$Flag;@5c689e11,^[A-Z][a-z]*$]; default message [Name must start with a capital letter and contain only alphabets.]] ]
2025-02-25 11:16:10 - Resolved [org.springframework.web.bind.MethodArgumentNotValidException: Validation failed for argument [1] in public com.bridgelabz.employee_payroll_app.model.Employee com.bridgelabz.employee_payroll_app.controller.EmployeeRestController.updateEmployee(java.lang.Long,com.bridgelabz.employee_payroll_app.dto.EmployeeDTO): [Field error in object 'employeeDTO' on field 'name': rejected value [janeDoe]; codes [Pattern.employeeDTO.name,Pattern.name,Pattern.java.lang.String,Pattern]; arguments [org.springframework.context.support.DefaultMessageSourceResolvable: codes [employeeDTO.name,name]; arguments []; default message [name],[Ljakarta.validation.constraints.Pattern$Flag;@5c689e11,^[A-Z][a-z]*$]; default message [Name must start with a capital letter and contain only alphabets.]] ]
2025-02-25 11:16:10 - Resolved [org.springframework.web.bind.MethodArgumentNotValidException: Validation failed for argument [1] in public com.bridgelabz.employee_payroll_app.model.Employee com.bridgelabz.employee_payroll_app.controller.EmployeeRestController.updateEmployee(java.lang.Long,com.bridgelabz.employee_payroll_app.dto.EmployeeDTO): [Field error in object 'employeeDTO' on field 'name': rejected value [Jane123]; codes [Pattern.employeeDTO.name,Pattern.name,Pattern.java.lang.String,Pattern]; arguments [org.springframework.context.support.DefaultMessageSourceResolvable: codes [employeeDTO.name,name]; arguments []; default message [name],[Ljakarta.validation.constraints.Pattern$Flag;@5c689e11,^[A-Z][a-z]*$]; default message [Name must start with a capital letter and contain only alphabets.]] ]
2025-02-25 11:16:17 - Resolved [org.springframework.web.bind.MethodArgumentNotValidException: Validation failed for argument [0] in public com.bridgelabz.employee_payroll_app.model.Employee com.bridgelabz.employee_payroll_app.controller.EmployeeRestController.createEmployee(com.bridgelabz.employee_payroll_app.dto.EmployeeDTO): [Field error in object 'employeeDTO' on field 'name': rejected value [JohnDoe]; codes [Pattern.employeeDTO.name,Pattern.name,Pattern.java.lang.String,Pattern]; arguments [org.springframework.context.support.DefaultMessageSourceResolvable: codes [employeeDTO.name,name]; arguments []; default message [name],[Ljakarta.validation.constraints.Pattern$Flag;@5c689e11,^[A-Z][a-z]*$]; default message [Name must start with a capital letter and contain only alphabets.]] ]
2025-02-25 11:16:20 - Resolved [org.springframework.web.bind.MethodArgumentNotValidException: Validation failed for argument [0] in public com.bridgelabz.employee_payroll_app.model.Employee com.bridgelabz.employee_payroll_app.controller.EmployeeRestController.createEmployee(com.bridgelabz.employee_payroll_app.dto.EmployeeDTO): [Field error in object 'employeeDTO' on field 'name': rejected value [JohnDoe]; codes [Pattern.employeeDTO.name,Pattern.name,Pattern.java.lang.String,Pattern]; arguments [org.springframework.context.support.DefaultMessageSourceResolvable: codes [employeeDTO.name,name]; arguments []; default message [name],[Ljakarta.validation.constraints.Pattern$Flag;@5c689e11,^[A-Z][a-z]*$]; default message [Name must start with a capital letter and contain only alphabets.]] ]
2025-02-25 11:16:33 - Resolved [org.springframework.web.bind.MethodArgumentNotValidException: Validation failed for argument [1] in public com.bridgelabz.employee_payroll_app.model.Employee com.bridgelabz.employee_payroll_app.controller.EmployeeRestController.updateEmployee(java.lang.Long,com.bridgelabz.employee_payroll_app.dto.EmployeeDTO): [Field error in object 'employeeDTO' on field 'name': rejected value [JaneDoe]; codes [Pattern.employeeDTO.name,Pattern.name,Pattern.java.lang.String,Pattern]; arguments [org.springframework.context.support.DefaultMessageSourceResolvable: codes [employeeDTO.name,name]; arguments []; default message [name],[Ljakarta.validation.constraints.Pattern$Flag;@5c689e11,^[A-Z][a-z]*$]; default message [Name must start with a capital letter and contain only alphabets.]] ]
2025-02-25 11:17:38 - Commencing graceful shutdown. Waiting for active requests to complete
2025-02-25 11:17:38 - Graceful shutdown complete
2025-02-25 11:17:38 - Closing JPA EntityManagerFactory for persistence unit 'default'
2025-02-25 11:17:38 - HikariPool-1 - Shutdown initiated...
2025-02-25 11:17:38 - HikariPool-1 - Shutdown completed.
2025-02-25 11:17:53 - Starting EmployeePayrollAppApplication using Java 19.0.2 with PID 19204 (C:\Users\hnypa\OneDrive\Desktop\CodeXperience\SpringBoot\Employee-Payroll-App\employee-payroll-app\target\classes started by hnypa in C:\Users\hnypa\OneDrive\Desktop\CodeXperience\SpringBoot\Employee-Payroll-App\employee-payroll-app)
2025-02-25 11:17:53 - Running with Spring Boot v3.4.3, Spring v6.2.3
2025-02-25 11:17:53 - The following 1 profile is active: "dev"
2025-02-25 11:17:53 - Devtools property defaults active! Set 'spring.devtools.add-properties' to 'false' to disable
2025-02-25 11:17:53 - For additional web related logging consider setting the 'logging.level.web' property to 'DEBUG'
2025-02-25 11:17:55 - Bootstrapping Spring Data JPA repositories in DEFAULT mode.
2025-02-25 11:17:55 - Finished Spring Data repository scanning in 41 ms. Found 0 JPA repository interfaces.
2025-02-25 11:17:56 - Tomcat initialized with port 8080 (http)
2025-02-25 11:17:56 - Starting service [Tomcat]
2025-02-25 11:17:56 - Starting Servlet engine: [Apache Tomcat/10.1.36]
2025-02-25 11:17:56 - Initializing Spring embedded WebApplicationContext
2025-02-25 11:17:56 - Root WebApplicationContext: initialization completed in 3090 ms
2025-02-25 11:17:56 - HHH000204: Processing PersistenceUnitInfo [name: default]
2025-02-25 11:17:57 - HHH000412: Hibernate ORM core version 6.6.8.Final
2025-02-25 11:17:57 - HHH000026: Second-level cache disabled
2025-02-25 11:17:57 - No LoadTimeWeaver setup: ignoring JPA class transformer
2025-02-25 11:17:57 - HikariPool-1 - Starting...
2025-02-25 11:17:58 - HikariPool-1 - Added connection com.mysql.cj.jdbc.ConnectionImpl@36dbba43
2025-02-25 11:17:58 - HikariPool-1 - Start completed.
2025-02-25 11:17:58 - HHH90000025: MySQLDialect does not need to be specified explicitly using 'hibernate.dialect' (remove the property setting and it will be selected by default)
2025-02-25 11:17:58 - HHH10001005: Database info:
	Database JDBC URL [Connecting through datasource 'HikariDataSource (HikariPool-1)']
	Database driver: undefined/unknown
	Database version: 9.2
	Autocommit mode: undefined/unknown
	Isolation level: undefined/unknown
	Minimum pool size: undefined/unknown
	Maximum pool size: undefined/unknown
2025-02-25 11:18:00 - HHH000489: No JTA platform available (set 'hibernate.transaction.jta.platform' to enable JTA platform integration)
2025-02-25 11:18:00 - Initialized JPA EntityManagerFactory for persistence unit 'default'
2025-02-25 11:18:00 - spring.jpa.open-in-view is enabled by default. Therefore, database queries may be performed during view rendering. Explicitly configure spring.jpa.open-in-view to disable this warning
2025-02-25 11:18:01 - LiveReload server is running on port 35729
2025-02-25 11:18:01 - Tomcat started on port 8080 (http) with context path '/'
2025-02-25 11:18:01 - Started EmployeePayrollAppApplication in 9.266 seconds (process running for 10.31)
2025-02-25 11:18:07 - Initializing Spring DispatcherServlet 'dispatcherServlet'
2025-02-25 11:18:07 - Initializing Servlet 'dispatcherServlet'
2025-02-25 11:18:07 - Completed initialization in 2 ms
2025-02-25 11:18:07 - Retrieved employee with ID 1: null
2025-02-25 11:18:07 - Employee with ID 1 not found
2025-02-25 11:18:14 - Retrieved employee with ID 1: null
2025-02-25 11:18:14 - Employee with ID 1 not found
2025-02-25 11:18:51 - Created employee: com.bridgelabz.employee_payroll_app.model.Employee@6806c11d
2025-02-25 11:18:55 - Retrieved employee with ID 1: com.bridgelabz.employee_payroll_app.model.Employee@6806c11d
2025-02-25 11:18:55 - Updated employee: com.bridgelabz.employee_payroll_app.model.Employee@6806c11d
2025-02-25 11:18:58 - Created employee: com.bridgelabz.employee_payroll_app.model.Employee@167d280b
2025-02-25 11:19:01 - Retrieved employee with ID 1: com.bridgelabz.employee_payroll_app.model.Employee@6806c11d
2025-02-25 11:19:01 - Updated employee: com.bridgelabz.employee_payroll_app.model.Employee@6806c11d
2025-02-25 11:19:07 - Commencing graceful shutdown. Waiting for active requests to complete
2025-02-25 11:19:08 - Graceful shutdown complete
2025-02-25 11:19:08 - Closing JPA EntityManagerFactory for persistence unit 'default'
2025-02-25 11:19:08 - HikariPool-1 - Shutdown initiated...
2025-02-25 11:19:08 - HikariPool-1 - Shutdown completed.
